c:\users\erick\documents\cpp\tilegeneration\tilegeneration\x64\debug\vc143.pdb
c:\users\erick\documents\cpp\tilegeneration\tilegeneration\x64\debug\vc143.idb
c:\users\erick\documents\cpp\tilegeneration\tilegeneration\x64\debug\main.obj
c:\users\erick\documents\cpp\tilegeneration\tilegeneration\x64\debug\chunkmanager.obj
c:\users\erick\documents\cpp\tilegeneration\x64\debug\fastnoised.dll
c:\users\erick\documents\cpp\tilegeneration\tilegeneration\x64\debug\tilegeneration.ilk
c:\users\erick\documents\cpp\tilegeneration\tilegeneration\x64\debug\tilegeneration.obj
c:\users\erick\documents\cpp\tilegeneration\x64\debug\tilegeneration.pdb
c:\users\erick\documents\cpp\tilegeneration\tilegeneration\x64\debug\tilegeneration.tlog\cl.command.1.tlog
c:\users\erick\documents\cpp\tilegeneration\tilegeneration\x64\debug\tilegeneration.tlog\cl.items.tlog
c:\users\erick\documents\cpp\tilegeneration\tilegeneration\x64\debug\tilegeneration.tlog\cl.read.1.tlog
c:\users\erick\documents\cpp\tilegeneration\tilegeneration\x64\debug\tilegeneration.tlog\cl.write.1.tlog
c:\users\erick\documents\cpp\tilegeneration\tilegeneration\x64\debug\tilegeneration.tlog\copyfile.command.1.tlog
c:\users\erick\documents\cpp\tilegeneration\tilegeneration\x64\debug\tilegeneration.tlog\copyfile.read.1.tlog
c:\users\erick\documents\cpp\tilegeneration\tilegeneration\x64\debug\tilegeneration.tlog\copyfile.write.1.tlog
c:\users\erick\documents\cpp\tilegeneration\tilegeneration\x64\debug\tilegeneration.tlog\link.21560-cvtres.read.1.tlog
c:\users\erick\documents\cpp\tilegeneration\tilegeneration\x64\debug\tilegeneration.tlog\link.21560-cvtres.write.1.tlog
c:\users\erick\documents\cpp\tilegeneration\tilegeneration\x64\debug\tilegeneration.tlog\link.21560-rc.read.1.tlog
c:\users\erick\documents\cpp\tilegeneration\tilegeneration\x64\debug\tilegeneration.tlog\link.21560-rc.write.1.tlog
c:\users\erick\documents\cpp\tilegeneration\tilegeneration\x64\debug\tilegeneration.tlog\link.21560.read.1.tlog
c:\users\erick\documents\cpp\tilegeneration\tilegeneration\x64\debug\tilegeneration.tlog\link.21560.read.2.tlog
c:\users\erick\documents\cpp\tilegeneration\tilegeneration\x64\debug\tilegeneration.tlog\link.21560.read.3.tlog
c:\users\erick\documents\cpp\tilegeneration\tilegeneration\x64\debug\tilegeneration.tlog\link.21560.read.4.tlog
c:\users\erick\documents\cpp\tilegeneration\tilegeneration\x64\debug\tilegeneration.tlog\link.21560.write.1.tlog
c:\users\erick\documents\cpp\tilegeneration\tilegeneration\x64\debug\tilegeneration.tlog\link.command.1.tlog
c:\users\erick\documents\cpp\tilegeneration\tilegeneration\x64\debug\tilegeneration.tlog\link.read.1.tlog
c:\users\erick\documents\cpp\tilegeneration\tilegeneration\x64\debug\tilegeneration.tlog\link.secondary.1.tlog
c:\users\erick\documents\cpp\tilegeneration\tilegeneration\x64\debug\tilegeneration.tlog\link.write.1.tlog
